19:14:23 **** Incremental Build of configuration Debug for project ControlHamoksha ****
make all 
Building file: ../DIO_program.c
Invoking: AVR Compiler
avr-gcc -Wall -g2 -gstabs -O0 -fpack-struct -fshort-enums -ffunction-sections -fdata-sections -std=gnu99 -funsigned-char -funsigned-bitfields -mmcu=atmega32 -DF_CPU=8000000UL -MMD -MP -MF"DIO_program.d" -MT"DIO_program.o" -c -o "DIO_program.o" "../DIO_program.c"
Finished building: ../DIO_program.c
 
Building file: ../SW_program.c
Invoking: AVR Compiler
avr-gcc -Wall -g2 -gstabs -O0 -fpack-struct -fshort-enums -ffunction-sections -fdata-sections -std=gnu99 -funsigned-char -funsigned-bitfields -mmcu=atmega32 -DF_CPU=8000000UL -MMD -MP -MF"SW_program.d" -MT"SW_program.o" -c -o "SW_program.o" "../SW_program.c"
In file included from ../SW_program.c:12:
f:/embedded/imt_sdk_win_64/winavr/lib/gcc/../../avr/include/util/delay.h:90:3: warning: #warning "Compiler optimizations disabled; functions from <util/delay.h> won't work as designed"
Finished building: ../SW_program.c
 
Building file: ../main.c
Invoking: AVR Compiler
avr-gcc -Wall -g2 -gstabs -O0 -fpack-struct -fshort-enums -ffunction-sections -fdata-sections -std=gnu99 -funsigned-char -funsigned-bitfields -mmcu=atmega32 -DF_CPU=8000000UL -MMD -MP -MF"main.d" -MT"main.o" -c -o "main.o" "../main.c"
In file included from ../main.c:3:
f:/embedded/imt_sdk_win_64/winavr/lib/gcc/../../avr/include/util/delay.h:90:3: warning: #warning "Compiler optimizations disabled; functions from <util/delay.h> won't work as designed"
../main.c:9: warning: return type of 'main' is not 'int'
../main.c: In function 'main':
../main.c:13: warning: unused variable 'SW_DN'
Finished building: ../main.c
 
Building target: ControlHamoksha.elf
Invoking: AVR C Linker
avr-gcc -Wl,-Map,ControlHamoksha.map -mmcu=atmega32 -o "ControlHamoksha.elf"  ./CLCD_program.o ./DIO_program.o ./SW_program.o ./main.o   
Finished building target: ControlHamoksha.elf
 
Invoking: AVR Create Extended Listing
avr-objdump -h -S ControlHamoksha.elf  >"ControlHamoksha.lss"
Finished building: ControlHamoksha.lss
 
Create Flash image (ihex format)
avr-objcopy -R .eeprom -R .fuse -R .lock -R .signature -O ihex ControlHamoksha.elf  "ControlHamoksha.hex"
Finished building: ControlHamoksha.hex
 
Invoking: Print Size
avr-size --format=avr --mcu=atmega32 ControlHamoksha.elf
AVR Memory Usage
----------------
Device: atmega32

Program:    8308 bytes (25.4% Full)
(.text + .data + .bootloader)

Data:         16 bytes (0.8% Full)
(.data + .bss + .noinit)


Finished building: sizedummy
 

19:14:26 Build Finished (took 3s.804ms)

