12:52:52 **** Incremental Build of configuration Debug for project Electric_SW ****
make all 
Building file: ../main.c
Invoking: AVR Compiler
avr-gcc -Wall -g2 -gstabs -O0 -fpack-struct -fshort-enums -ffunction-sections -fdata-sections -std=gnu99 -funsigned-char -funsigned-bitfields -mmcu=atmega32 -DF_CPU=8000000UL -MMD -MP -MF"main.d" -MT"main.o" -c -o "main.o" "../main.c"
In file included from ../main.c:4:
f:/embedded/imt_sdk_win_64/winavr/lib/gcc/../../avr/include/util/delay.h:90:3: warning: #warning "Compiler optimizations disabled; functions from <util/delay.h> won't work as designed"
../main.c:6: warning: return type of 'main' is not 'int'
Finished building: ../main.c
 
Building target: Electric_SW.elf
Invoking: AVR C Linker
avr-gcc -Wl,-Map,Electric_SW.map -mmcu=atmega32 -o "Electric_SW.elf"  ./DIO_program.o ./PORT_program.o ./main.o   
Finished building target: Electric_SW.elf
 
Invoking: AVR Create Extended Listing
avr-objdump -h -S Electric_SW.elf  >"Electric_SW.lss"
Finished building: Electric_SW.lss
 
Create Flash image (ihex format)
avr-objcopy -R .eeprom -R .fuse -R .lock -R .signature -O ihex Electric_SW.elf  "Electric_SW.hex"
Finished building: Electric_SW.hex
 
Invoking: Print Size
avr-size --format=avr --mcu=atmega32 Electric_SW.elf
AVR Memory Usage
----------------
Device: atmega32

Program:    5192 bytes (15.8% Full)
(.text + .data + .bootloader)

Data:          8 bytes (0.4% Full)
(.data + .bss + .noinit)


Finished building: sizedummy
 

12:52:53 Build Finished (took 757ms)

