09:50:58 **** Incremental Build of configuration Debug for project CLCD ****
make all 
Building file: ../main.c
Invoking: AVR Compiler
avr-gcc -Wall -g2 -gstabs -O0 -fpack-struct -fshort-enums -ffunction-sections -fdata-sections -std=gnu99 -funsigned-char -funsigned-bitfields -mmcu=atmega32 -DF_CPU=8000000UL -MMD -MP -MF"main.d" -MT"main.o" -c -o "main.o" "../main.c"
In file included from ../main.c:3:
f:/embedded/imt_sdk_win_64/winavr/lib/gcc/../../avr/include/util/delay.h:90:3: warning: #warning "Compiler optimizations disabled; functions from <util/delay.h> won't work as designed"
../main.c:8: warning: return type of 'main' is not 'int'
../main.c: In function 'main':
../main.c:76: warning: unused variable 'Local_pu8uRun2'
../main.c:65: warning: unused variable 'Local_pu8uRun1'
../main.c:54: warning: unused variable 'Local_pu8uBallDN'
../main.c:43: warning: unused variable 'Local_pu8uBallUp'
../main.c:32: warning: unused variable 'Local_pu8uHand'
../main.c:21: warning: unused variable 'Local_pu8uStand'
Finished building: ../main.c
 
Building target: CLCD.elf
Invoking: AVR C Linker
avr-gcc -Wl,-Map,CLCD.map -mmcu=atmega32 -o "CLCD.elf"  ./CLCD_program.o ./DIO_program.o ./WriteMyArabicNameInSineWave.o ./main.o   
Finished building target: CLCD.elf
 
Invoking: AVR Create Extended Listing
avr-objdump -h -S CLCD.elf  >"CLCD.lss"
Finished building: CLCD.lss
 
Create Flash image (ihex format)
avr-objcopy -R .eeprom -R .fuse -R .lock -R .signature -O ihex CLCD.elf  "CLCD.hex"
Finished building: CLCD.hex
 
Invoking: Print Size
avr-size --format=avr --mcu=atmega32 CLCD.elf
AVR Memory Usage
----------------
Device: atmega32

Program:   10110 bytes (30.9% Full)
(.text + .data + .bootloader)

Data:        148 bytes (7.2% Full)
(.data + .bss + .noinit)


Finished building: sizedummy
 
