07:58:41 **** Incremental Build of configuration Debug for project LED ****
make all 
Building file: ../main.c
Invoking: AVR Compiler
avr-gcc -Wall -g2 -gstabs -O0 -fpack-struct -fshort-enums -ffunction-sections -fdata-sections -std=gnu99 -funsigned-char -funsigned-bitfields -mmcu=atmega32 -DF_CPU=8000000UL -MMD -MP -MF"main.d" -MT"main.o" -c -o "main.o" "../main.c"
../main.c:7: warning: return type of 'main' is not 'int'
Finished building: ../main.c
 
Building target: LED.elf
Invoking: AVR C Linker
avr-gcc -Wl,-Map,LED.map -mmcu=atmega32 -o "LED.elf"  ./DIO_program.o ./LED_program.o ./main.o   
Finished building target: LED.elf
 
Invoking: AVR Create Extended Listing
avr-objdump -h -S LED.elf  >"LED.lss"
Finished building: LED.lss
 
Create Flash image (ihex format)
avr-objcopy -R .eeprom -R .fuse -R .lock -R .signature -O ihex LED.elf  "LED.hex"
Finished building: LED.hex
 
Invoking: Print Size
avr-size --format=avr --mcu=atmega32 LED.elf
AVR Memory Usage
----------------
Device: atmega32

Program:    6218 bytes (19.0% Full)
(.text + .data + .bootloader)

Data:        264 bytes (12.9% Full)
(.data + .bss + .noinit)


Finished building: sizedummy
 

07:58:41 Build Finished (took 713ms)

