23:09:20 **** Build of configuration Debug for project Mine_Detector_Robot ****
make all 
Building file: ../BLTH_program.c
Invoking: AVR Compiler
avr-gcc -Wall -g2 -gstabs -O0 -fpack-struct -fshort-enums -ffunction-sections -fdata-sections -std=gnu99 -funsigned-char -funsigned-bitfields -mmcu=atmega32 -DF_CPU=8000000UL -MMD -MP -MF"BLTH_program.d" -MT"BLTH_program.o" -c -o "BLTH_program.o" "../BLTH_program.c"
Finished building: ../BLTH_program.c
 
Building file: ../DIO_program.c
Invoking: AVR Compiler
avr-gcc -Wall -g2 -gstabs -O0 -fpack-struct -fshort-enums -ffunction-sections -fdata-sections -std=gnu99 -funsigned-char -funsigned-bitfields -mmcu=atmega32 -DF_CPU=8000000UL -MMD -MP -MF"DIO_program.d" -MT"DIO_program.o" -c -o "DIO_program.o" "../DIO_program.c"
Finished building: ../DIO_program.c
 
Building file: ../EXTI_program.c
Invoking: AVR Compiler
avr-gcc -Wall -g2 -gstabs -O0 -fpack-struct -fshort-enums -ffunction-sections -fdata-sections -std=gnu99 -funsigned-char -funsigned-bitfields -mmcu=atmega32 -DF_CPU=8000000UL -MMD -MP -MF"EXTI_program.d" -MT"EXTI_program.o" -c -o "EXTI_program.o" "../EXTI_program.c"
Finished building: ../EXTI_program.c
 
Building file: ../GIE_program.c
Invoking: AVR Compiler
avr-gcc -Wall -g2 -gstabs -O0 -fpack-struct -fshort-enums -ffunction-sections -fdata-sections -std=gnu99 -funsigned-char -funsigned-bitfields -mmcu=atmega32 -DF_CPU=8000000UL -MMD -MP -MF"GIE_program.d" -MT"GIE_program.o" -c -o "GIE_program.o" "../GIE_program.c"
Finished building: ../GIE_program.c
 
Building file: ../METDECT_program.c
Invoking: AVR Compiler
avr-gcc -Wall -g2 -gstabs -O0 -fpack-struct -fshort-enums -ffunction-sections -fdata-sections -std=gnu99 -funsigned-char -funsigned-bitfields -mmcu=atmega32 -DF_CPU=8000000UL -MMD -MP -MF"METDECT_program.d" -MT"METDECT_program.o" -c -o "METDECT_program.o" "../METDECT_program.c"
Finished building: ../METDECT_program.c
 
Building file: ../MOTOR_program.c
Invoking: AVR Compiler
avr-gcc -Wall -g2 -gstabs -O0 -fpack-struct -fshort-enums -ffunction-sections -fdata-sections -std=gnu99 -funsigned-char -funsigned-bitfields -mmcu=atmega32 -DF_CPU=8000000UL -MMD -MP -MF"MOTOR_program.d" -MT"MOTOR_program.o" -c -o "MOTOR_program.o" "../MOTOR_program.c"
In file included from ../MOTOR_program.c:2:
f:/embedded/imt_sdk_win_64/winavr/lib/gcc/../../avr/include/util/delay.h:90:3: warning: #warning "Compiler optimizations disabled; functions from <util/delay.h> won't work as designed"
Finished building: ../MOTOR_program.c
 
Building file: ../Mapping.c
Invoking: AVR Compiler
avr-gcc -Wall -g2 -gstabs -O0 -fpack-struct -fshort-enums -ffunction-sections -fdata-sections -std=gnu99 -funsigned-char -funsigned-bitfields -mmcu=atmega32 -DF_CPU=8000000UL -MMD -MP -MF"Mapping.d" -MT"Mapping.o" -c -o "Mapping.o" "../Mapping.c"
Finished building: ../Mapping.c
 
Building file: ../PORT_program.c
Invoking: AVR Compiler
avr-gcc -Wall -g2 -gstabs -O0 -fpack-struct -fshort-enums -ffunction-sections -fdata-sections -std=gnu99 -funsigned-char -funsigned-bitfields -mmcu=atmega32 -DF_CPU=8000000UL -MMD -MP -MF"PORT_program.d" -MT"PORT_program.o" -c -o "PORT_program.o" "../PORT_program.c"
Finished building: ../PORT_program.c
 
Building file: ../TIMER_program.c
Invoking: AVR Compiler
avr-gcc -Wall -g2 -gstabs -O0 -fpack-struct -fshort-enums -ffunction-sections -fdata-sections -std=gnu99 -funsigned-char -funsigned-bitfields -mmcu=atmega32 -DF_CPU=8000000UL -MMD -MP -MF"TIMER_program.d" -MT"TIMER_program.o" -c -o "TIMER_program.o" "../TIMER_program.c"
Finished building: ../TIMER_program.c
 
Building file: ../ULTSONC_program.c
Invoking: AVR Compiler
avr-gcc -Wall -g2 -gstabs -O0 -fpack-struct -fshort-enums -ffunction-sections -fdata-sections -std=gnu99 -funsigned-char -funsigned-bitfields -mmcu=atmega32 -DF_CPU=8000000UL -MMD -MP -MF"ULTSONC_program.d" -MT"ULTSONC_program.o" -c -o "ULTSONC_program.o" "../ULTSONC_program.c"
In file included from ../ULTSONC_program.c:11:
f:/embedded/imt_sdk_win_64/winavr/lib/gcc/../../avr/include/util/delay.h:90:3: warning: #warning "Compiler optimizations disabled; functions from <util/delay.h> won't work as designed"
../ULTSONC_program.c:21: warning: 'ULTSONC_u16PulseWedth' defined but not used
Finished building: ../ULTSONC_program.c
 
Building file: ../USART_program.c
Invoking: AVR Compiler
avr-gcc -Wall -g2 -gstabs -O0 -fpack-struct -fshort-enums -ffunction-sections -fdata-sections -std=gnu99 -funsigned-char -funsigned-bitfields -mmcu=atmega32 -DF_CPU=8000000UL -MMD -MP -MF"USART_program.d" -MT"USART_program.o" -c -o "USART_program.o" "../USART_program.c"
Finished building: ../USART_program.c
 
Building file: ../main.c
Invoking: AVR Compiler
avr-gcc -Wall -g2 -gstabs -O0 -fpack-struct -fshort-enums -ffunction-sections -fdata-sections -std=gnu99 -funsigned-char -funsigned-bitfields -mmcu=atmega32 -DF_CPU=8000000UL -MMD -MP -MF"main.d" -MT"main.o" -c -o "main.o" "../main.c"
In file included from ../main.c:2:
f:/embedded/imt_sdk_win_64/winavr/lib/gcc/../../avr/include/util/delay.h:90:3: warning: #warning "Compiler optimizations disabled; functions from <util/delay.h> won't work as designed"
../main.c:26: warning: return type of 'main' is not 'int'
Finished building: ../main.c
 
Building target: Mine_Detector_Robot.elf
Invoking: AVR C Linker
avr-gcc -Wl,-Map,Mine_Detector_Robot.map -mmcu=atmega32 -o "Mine_Detector_Robot.elf"  ./BLTH_program.o ./DIO_program.o ./EXTI_program.o ./GIE_program.o ./METDECT_program.o ./MOTOR_program.o ./Mapping.o ./PORT_program.o ./TIMER_program.o ./ULTSONC_program.o ./USART_program.o ./main.o   
Finished building target: Mine_Detector_Robot.elf
 
Invoking: AVR Create Extended Listing
avr-objdump -h -S Mine_Detector_Robot.elf  >"Mine_Detector_Robot.lss"
Finished building: Mine_Detector_Robot.lss
 
Create Flash image (ihex format)
avr-objcopy -R .eeprom -R .fuse -R .lock -R .signature -O ihex Mine_Detector_Robot.elf  "Mine_Detector_Robot.hex"
Finished building: Mine_Detector_Robot.hex
 
Invoking: Print Size
avr-size --format=avr --mcu=atmega32 Mine_Detector_Robot.elf
AVR Memory Usage
----------------
Device: atmega32

Program:   15986 bytes (48.8% Full)
(.text + .data + .bootloader)

Data:        325 bytes (15.9% Full)
(.data + .bss + .noinit)


Finished building: sizedummy
 

23:09:23 Build Finished (took 3s.364ms)

