15:28:23 **** Incremental Build of configuration Debug for project MotorDashBoard ****
make all 
Building file: ../main.c
Invoking: AVR Compiler
avr-gcc -Wall -g2 -gstabs -O0 -fpack-struct -fshort-enums -ffunction-sections -fdata-sections -std=gnu99 -funsigned-char -funsigned-bitfields -mmcu=atmega32 -DF_CPU=8000000UL -MMD -MP -MF"main.d" -MT"main.o" -c -o "main.o" "../main.c"
In file included from ../main.c:2:
f:/embedded/imt_sdk_win_64/winavr/lib/gcc/../../avr/include/util/delay.h:90:3: warning: #warning "Compiler optimizations disabled; functions from <util/delay.h> won't work as designed"
../main.c:11: warning: return type of 'main' is not 'int'
../main.c: In function 'main':
../main.c:42: warning: implicit declaration of function 'KPD_GetPressedKey'
Finished building: ../main.c
 
Building target: MotorDashBoard.elf
Invoking: AVR C Linker
avr-gcc -Wl,-Map,MotorDashBoard.map -mmcu=atmega32 -o "MotorDashBoard.elf"  ./CLCD_program.o ./DIO_program.o ./KEYPAD_program.o ./MOTOR_program.o ./PORT_program.o ./main.o   
Finished building target: MotorDashBoard.elf
 
Invoking: AVR Create Extended Listing
avr-objdump -h -S MotorDashBoard.elf  >"MotorDashBoard.lss"
Finished building: MotorDashBoard.lss
 
Create Flash image (ihex format)
avr-objcopy -R .eeprom -R .fuse -R .lock -R .signature -O ihex MotorDashBoard.elf  "MotorDashBoard.hex"
Finished building: MotorDashBoard.hex
 
Invoking: Print Size
avr-size --format=avr --mcu=atmega32 MotorDashBoard.elf
AVR Memory Usage
----------------
Device: atmega32

Program:   12110 bytes (37.0% Full)
(.text + .data + .bootloader)

Data:        450 bytes (22.0% Full)
(.data + .bss + .noinit)


Finished building: sizedummy
 

15:28:24 Build Finished (took 838ms)

