07:04:47 **** Incremental Build of configuration Debug for project SDD ****
make all 
Building file: ../main.c
Invoking: AVR Compiler
avr-gcc -Wall -g2 -gstabs -O0 -fpack-struct -fshort-enums -ffunction-sections -fdata-sections -std=gnu99 -funsigned-char -funsigned-bitfields -mmcu=atmega32 -DF_CPU=8000000UL -MMD -MP -MF"main.d" -MT"main.o" -c -o "main.o" "../main.c"
../main.c:6: warning: return type of 'main' is not 'int'
Finished building: ../main.c
 
Building target: SDD.elf
Invoking: AVR C Linker
avr-gcc -Wl,-Map,SDD.map -mmcu=atmega32 -o "SDD.elf"  ./DIO_program.o ./SDD_program.o ./main.o   
Finished building target: SDD.elf
 
Invoking: AVR Create Extended Listing
avr-objdump -h -S SDD.elf  >"SDD.lss"
Finished building: SDD.lss
 
Create Flash image (ihex format)
avr-objcopy -R .eeprom -R .fuse -R .lock -R .signature -O ihex SDD.elf  "SDD.hex"
Finished building: SDD.hex
 
Invoking: Print Size
avr-size --format=avr --mcu=atmega32 SDD.elf
AVR Memory Usage
----------------
Device: atmega32

Program:    2394 bytes (7.3% Full)
(.text + .data + .bootloader)

Data:         10 bytes (0.5% Full)
(.data + .bss + .noinit)


Finished building: sizedummy
 

07:04:48 Build Finished (took 712ms)

