04:22:01 **** Incremental Build of configuration Debug for project ShortVideoAboutHamoksha ****
make all 
Building target: ShortVideoAboutHamoksha.elf
Invoking: AVR C Linker
avr-gcc -Wl,-Map,ShortVideoAboutHamoksha.map -mmcu=atmega32 -o "ShortVideoAboutHamoksha.elf"  ./CLCD_program.o ./DIO_program.o ./main.o   
Finished building target: ShortVideoAboutHamoksha.elf
 
Invoking: AVR Create Extended Listing
avr-objdump -h -S ShortVideoAboutHamoksha.elf  >"ShortVideoAboutHamoksha.lss"
Finished building: ShortVideoAboutHamoksha.lss
 
Create Flash image (ihex format)
avr-objcopy -R .eeprom -R .fuse -R .lock -R .signature -O ihex ShortVideoAboutHamoksha.elf  "ShortVideoAboutHamoksha.hex"
Finished building: ShortVideoAboutHamoksha.hex
 
Invoking: Print Size
avr-size --format=avr --mcu=atmega32 ShortVideoAboutHamoksha.elf
AVR Memory Usage
----------------
Device: atmega32

Program:   14402 bytes (44.0% Full)
(.text + .data + .bootloader)

Data:        220 bytes (10.7% Full)
(.data + .bss + .noinit)


Finished building: sizedummy
 

04:22:01 Build Finished (took 721ms)

