18:50:37 **** Build of configuration Debug for project SPI_Slave ****
make all 
Building file: ../DIO_program.c
Invoking: AVR Compiler
avr-gcc -Wall -g2 -gstabs -O0 -fpack-struct -fshort-enums -ffunction-sections -fdata-sections -std=gnu99 -funsigned-char -funsigned-bitfields -mmcu=atmega32 -DF_CPU=8000000UL -MMD -MP -MF"DIO_program.d" -MT"DIO_program.o" -c -o "DIO_program.o" "../DIO_program.c"
Finished building: ../DIO_program.c
 
Building file: ../PORT_program.c
Invoking: AVR Compiler
avr-gcc -Wall -g2 -gstabs -O0 -fpack-struct -fshort-enums -ffunction-sections -fdata-sections -std=gnu99 -funsigned-char -funsigned-bitfields -mmcu=atmega32 -DF_CPU=8000000UL -MMD -MP -MF"PORT_program.d" -MT"PORT_program.o" -c -o "PORT_program.o" "../PORT_program.c"
Finished building: ../PORT_program.c
 
Building file: ../SPI_program.c
Invoking: AVR Compiler
avr-gcc -Wall -g2 -gstabs -O0 -fpack-struct -fshort-enums -ffunction-sections -fdata-sections -std=gnu99 -funsigned-char -funsigned-bitfields -mmcu=atmega32 -DF_CPU=8000000UL -MMD -MP -MF"SPI_program.d" -MT"SPI_program.o" -c -o "SPI_program.o" "../SPI_program.c"
Finished building: ../SPI_program.c
 
Building file: ../main.c
Invoking: AVR Compiler
avr-gcc -Wall -g2 -gstabs -O0 -fpack-struct -fshort-enums -ffunction-sections -fdata-sections -std=gnu99 -funsigned-char -funsigned-bitfields -mmcu=atmega32 -DF_CPU=8000000UL -MMD -MP -MF"main.d" -MT"main.o" -c -o "main.o" "../main.c"
In file included from ../main.c:2:
f:/embedded/imt_sdk_win_64/winavr/lib/gcc/../../avr/include/util/delay.h:90:3: warning: #warning "Compiler optimizations disabled; functions from <util/delay.h> won't work as designed"
../main.c:9: warning: return type of 'main' is not 'int'
Finished building: ../main.c
 
Building target: SPI_Slave.elf
Invoking: AVR C Linker
avr-gcc -Wl,-Map,SPI_Slave.map -mmcu=atmega32 -o "SPI_Slave.elf"  ./DIO_program.o ./PORT_program.o ./SPI_program.o ./main.o   
Finished building target: SPI_Slave.elf
 
Invoking: AVR Create Extended Listing
avr-objdump -h -S SPI_Slave.elf  >"SPI_Slave.lss"
Finished building: SPI_Slave.lss
 
Create Flash image (ihex format)
avr-objcopy -R .eeprom -R .fuse -R .lock -R .signature -O ihex SPI_Slave.elf  "SPI_Slave.hex"
Finished building: SPI_Slave.hex
 
Invoking: Print Size
avr-size --format=avr --mcu=atmega32 SPI_Slave.elf
AVR Memory Usage
----------------
Device: atmega32

Program:    4510 bytes (13.8% Full)
(.text + .data + .bootloader)

Data:          8 bytes (0.4% Full)
(.data + .bss + .noinit)


Finished building: sizedummy
 

18:50:42 Build Finished (took 5s.429ms)

