11:22:01 **** Incremental Build of configuration Debug for project Ultrasonic_Bluetooth ****
make all 
Building file: ../main.c
Invoking: AVR Compiler
avr-gcc -Wall -g2 -gstabs -O0 -fpack-struct -fshort-enums -ffunction-sections -fdata-sections -std=gnu99 -funsigned-char -funsigned-bitfields -mmcu=atmega32 -DF_CPU=8000000UL -MMD -MP -MF"main.d" -MT"main.o" -c -o "main.o" "../main.c"
In file included from ../main.c:2:
f:/embedded/imt_sdk_win_64/winavr/lib/gcc/../../avr/include/util/delay.h:90:3: warning: #warning "Compiler optimizations disabled; functions from <util/delay.h> won't work as designed"
../main.c:20: warning: return type of 'main' is not 'int'
Finished building: ../main.c
 
Building target: Ultrasonic_Bluetooth.elf
Invoking: AVR C Linker
avr-gcc -Wl,-Map,Ultrasonic_Bluetooth.map -mmcu=atmega32 -o "Ultrasonic_Bluetooth.elf"  ./BLTH_program.o ./CLCD_program.o ./DIO_program.o ./EXTI_program.o ./GIE_program.o ./METDECT_program.o ./PORT_program.o ./TIMER_program.o ./ULTSONC_program.o ./USART_program.o ./main.o   
Finished building target: Ultrasonic_Bluetooth.elf
 
Invoking: AVR Create Extended Listing
avr-objdump -h -S Ultrasonic_Bluetooth.elf  >"Ultrasonic_Bluetooth.lss"
Finished building: Ultrasonic_Bluetooth.lss
 
Create Flash image (ihex format)
avr-objcopy -R .eeprom -R .fuse -R .lock -R .signature -O ihex Ultrasonic_Bluetooth.elf  "Ultrasonic_Bluetooth.hex"
Finished building: Ultrasonic_Bluetooth.hex
 
Invoking: Print Size
avr-size --format=avr --mcu=atmega32 Ultrasonic_Bluetooth.elf
AVR Memory Usage
----------------
Device: atmega32

Program:   11864 bytes (36.2% Full)
(.text + .data + .bootloader)

Data:         48 bytes (2.3% Full)
(.data + .bss + .noinit)


Finished building: sizedummy
 

11:22:02 Build Finished (took 1s.162ms)

