17:30:22 **** Incremental Build of configuration Debug for project WatchdogTimer ****
make all 
Building file: ../main.c
Invoking: AVR Compiler
avr-gcc -Wall -g2 -gstabs -O0 -fpack-struct -fshort-enums -ffunction-sections -fdata-sections -std=gnu99 -funsigned-char -funsigned-bitfields -mmcu=atmega32 -DF_CPU=8000000UL -MMD -MP -MF"main.d" -MT"main.o" -c -o "main.o" "../main.c"
In file included from ../main.c:3:
f:/embedded/imt_sdk_win_64/winavr/lib/gcc/../../avr/include/util/delay.h:90:3: warning: #warning "Compiler optimizations disabled; functions from <util/delay.h> won't work as designed"
../main.c:19: warning: return type of 'main' is not 'int'
Finished building: ../main.c
 
Building target: WatchdogTimer.elf
Invoking: AVR C Linker
avr-gcc -Wl,-Map,WatchdogTimer.map -mmcu=atmega32 -o "WatchdogTimer.elf"  ./DIO_program.o ./PORT_program.o ./main.o   
Finished building target: WatchdogTimer.elf
 
Invoking: AVR Create Extended Listing
avr-objdump -h -S WatchdogTimer.elf  >"WatchdogTimer.lss"
Finished building: WatchdogTimer.lss
 
Create Flash image (ihex format)
avr-objcopy -R .eeprom -R .fuse -R .lock -R .signature -O ihex WatchdogTimer.elf  "WatchdogTimer.hex"
Finished building: WatchdogTimer.hex
 
Invoking: Print Size
avr-size --format=avr --mcu=atmega32 WatchdogTimer.elf
AVR Memory Usage
----------------
Device: atmega32

Program:    4458 bytes (13.6% Full)
(.text + .data + .bootloader)

Data:          8 bytes (0.4% Full)
(.data + .bss + .noinit)


Finished building: sizedummy
 

17:30:25 Build Finished (took 2s.156ms)

